// 重构日志: 5a70587e
// 重构日志: 443baca6
// 重构日志: 62e51ff1
// 重构日志: a1a8395d
// 重构日志: 1d53636b
// 重构日志: 8d38d062
// 同步 ID: 4525703d @ Sun May 31 09:45:12 UTC 2026
// 重构日志: 16a894c0
// 同步 ID: 6c11010a @ Sun May 31 13:21:24 UTC 2026
// 同步 ID: 713902f5 @ Sun May 31 15:38:52 UTC 2026
// 同步 ID: 4aed8382 @ Tue Jun  2 05:22:08 UTC 2026
// 同步 ID: 6f083ff4 @ Wed Jun  3 07:38:36 UTC 2026
// 重构日志: 1da7849c
// 同步 ID: f5c7d0ab @ Fri Jun  5 02:06:58 UTC 2026
// 同步 ID: 740e4b7d @ Fri Jun  5 20:21:12 UTC 2026
// 重构日志: 587e069c
// 同步 ID: 62c874f5 @ Sat Jun  6 17:15:15 UTC 2026
// 重构日志: c35f9015
// 同步 ID: c3b2b05b @ Mon Jun  8 12:40:01 UTC 2026
// 同步 ID: d9bb2cb3 @ Tue Jun  9 10:56:08 UTC 2026
// 同步 ID: 240546a6 @ Wed Jun 10 07:17:35 UTC 2026
// 重构日志: 2fd4c6e2
// 同步 ID: e3887568 @ Thu Jun 11 14:44:11 UTC 2026
// 同步 ID: 4167b586 @ Thu Jun 11 18:40:49 UTC 2026
// 重构日志: cfcddad0
// 同步 ID: f2e19205 @ Sat Jun 13 12:19:20 UTC 2026
// 同步 ID: 4fb0c43f @ Sat Jun 13 13:45:56 UTC 2026
// 重构日志: 39199f03
// 同步 ID: d73a904d @ Sat Jun 13 23:25:23 UTC 2026
// 同步 ID: ee39e362 @ Sun Jun 14 13:17:40 UTC 2026
// 重构日志: b3fc26d5
